c:\users\bmadj\source\repos\c ++\evaluationfinal\x64\debug\vc143.pdb
c:\users\bmadj\source\repos\c ++\evaluationfinal\x64\debug\vc143.idb
c:\users\bmadj\source\repos\c ++\evaluationfinal\x64\debug\utilisateur.obj
c:\users\bmadj\source\repos\c ++\evaluationfinal\x64\debug\tableauprojections.obj
c:\users\bmadj\source\repos\c ++\evaluationfinal\x64\debug\projection.obj
c:\users\bmadj\source\repos\c ++\evaluationfinal\x64\debug\pilereservations.obj
c:\users\bmadj\source\repos\c ++\evaluationfinal\x64\debug\listechainee.obj
c:\users\bmadj\source\repos\c ++\evaluationfinal\x64\debug\film.obj
c:\users\bmadj\source\repos\c ++\evaluationfinal\x64\debug\fileattente.obj
c:\users\bmadj\source\repos\c ++\evaluationfinal\x64\debug\evaluationfinal.obj
c:\users\bmadj\source\repos\c ++\evaluationfinal\x64\debug\demande.obj
c:\users\bmadj\source\repos\c ++\evaluationfinal\x64\debug\cinema.obj
c:\users\bmadj\source\repos\c ++\evaluationfinal\x64\debug\application.obj
c:\users\bmadj\source\repos\c ++\evaluationfinal\x64\debug\evaluationfinal.exe
c:\users\bmadj\source\repos\c ++\evaluationfinal\x64\debug\evaluationfinal.ilk
c:\users\bmadj\source\repos\c ++\evaluationfinal\x64\debug\evaluationfinal.pdb
c:\users\bmadj\source\repos\c ++\evaluationfinal\x64\debug\evaluationfinal.tlog\cl.command.1.tlog
c:\users\bmadj\source\repos\c ++\evaluationfinal\x64\debug\evaluationfinal.tlog\cl.items.tlog
c:\users\bmadj\source\repos\c ++\evaluationfinal\x64\debug\evaluationfinal.tlog\cl.read.1.tlog
c:\users\bmadj\source\repos\c ++\evaluationfinal\x64\debug\evaluationfinal.tlog\cl.write.1.tlog
c:\users\bmadj\source\repos\c ++\evaluationfinal\x64\debug\evaluationfinal.tlog\link.command.1.tlog
c:\users\bmadj\source\repos\c ++\evaluationfinal\x64\debug\evaluationfinal.tlog\link.read.1.tlog
c:\users\bmadj\source\repos\c ++\evaluationfinal\x64\debug\evaluationfinal.tlog\link.write.1.tlog
